<?xml version="1.0" encoding="UTF-8"?>
<!-- Generated by org.testng.reporters.JUnitReportReporter -->
<testsuite hostname="DESKTOP-6V8SKEO" failures="0" tests="1" name="Academy.UsingDataProvider" time="36.631" errors="0" timestamp="21 Mar 2020 14:09:30 GMT">
  <testcase classname="Academy.UsingDataProvider" name="usingData" time="36.631"/>
</testsuite> <!-- Academy.UsingDataProvider -->
