<?xml version="1.0" encoding="UTF-8"?>
<!-- Generated by org.testng.reporters.JUnitReportReporter -->
<testsuite hostname="DESKTOP-6V8SKEO" failures="0" tests="1" name="Academy.HomePage" time="64.226" errors="0" timestamp="2020-03-24T21:31:49 IST" skipped="0">
  <testcase classname="Academy.HomePage" name="homePageTest" time="64.226"/>
</testsuite> <!-- Academy.HomePage -->
