<?xml version="1.0" encoding="UTF-8"?>
<!-- Generated by org.testng.reporters.JUnitReportReporter -->
<testsuite hostname="DESKTOP-6V8SKEO" failures="0" tests="1" name="Academy.UsingDataProvider" time="49.979" errors="0" timestamp="2020-03-23T20:38:28 IST" skipped="0">
  <testcase classname="Academy.UsingDataProvider" name="usingData" time="49.979"/>
</testsuite> <!-- Academy.UsingDataProvider -->
